[debug] [2021-12-23T08:57:09.345Z] ----------------------------------------------------------------------
[debug] [2021-12-23T08:57:09.348Z] Command:       C:\Program Files\nodejs\node.exe C:\Users\jayed\AppData\Roaming\npm\node_modules\firebase-tools\lib\bin\firebase.js init
[debug] [2021-12-23T08:57:09.349Z] CLI Version:   9.23.0
[debug] [2021-12-23T08:57:09.349Z] Platform:      win32
[debug] [2021-12-23T08:57:09.349Z] Node Version:  v16.13.0
[debug] [2021-12-23T08:57:09.355Z] Time:          Thu Dec 23 2021 14:57:09 GMT+0600 (Bangladesh Standard Time)
[debug] [2021-12-23T08:57:09.355Z] ----------------------------------------------------------------------
[debug] 
[debug] [2021-12-23T08:57:09.359Z] >>> [apiv2][query] GET https://firebase-public.firebaseio.com/cli.json [none]
[debug] [2021-12-23T08:57:09.406Z] > command requires scopes: ["email","openid","https://www.googleapis.com/auth/cloudplatformprojects.readonly","https://www.googleapis.com/auth/firebase","https://www.googleapis.com/auth/cloud-platform"]
[debug] [2021-12-23T08:57:09.407Z] > authorizing via signed-in user (mdmahim924214@gmail.com)
[info] 
     ######## #### ########  ######## ########     ###     ######  ########
     ##        ##  ##     ## ##       ##     ##  ##   ##  ##       ##
     ######    ##  ########  ######   ########  #########  ######  ######
     ##        ##  ##    ##  ##       ##     ## ##     ##       ## ##
     ##       #### ##     ## ######## ########  ##     ##  ######  ########

You're about to initialize a Firebase project in this directory:

  F:\Assingment\foot-store

[debug] [2021-12-23T08:57:10.492Z] <<< [apiv2][status] GET https://firebase-public.firebaseio.com/cli.json 200
[debug] [2021-12-23T08:57:10.493Z] <<< [apiv2][body] GET https://firebase-public.firebaseio.com/cli.json {"cloudBuildErrorAfter":1594252800000,"cloudBuildWarnAfter":1590019200000,"defaultNode10After":1594252800000,"minVersion":"3.0.5","node8DeploysDisabledAfter":1613390400000,"node8RuntimeDisabledAfter":1615809600000,"node8WarnAfter":1600128000000}
